Navigating to CSLB Solar Complaint intake page...
Clicking Start a new complaint...
  After Start, URL: https://www.cslb.ca.gov/OnlineServices/SolarComplaint/SolarComplaintFormProcess.aspx, title: Complaint Form -CSLB
  Advancing past intro page...
  Intro page detected (attempt 1) — clicking Next...
STEP 1: Filling complainant info...
STEP 2: Filling contractor info...
  Step 3 intro page (attempt 1) — clicking Next...
STEP 3: Filling project info and complaint details...
  [Step 3 → 4] doing __doPostBack(ctl00$MainContent$Nextbutton_3) fallback...
  [Step 3 → 4] strategy 3 error: page.evaluate: TypeError: 'caller', 'callee', and 'arguments' properties may not be accessed on strict mode functions or the arguments objects for calls to them
    at get arguments (<anonymous>)
    at Sys.WebForms.PageRequestManager._doPostBack (https://ajax.aspnetcdn.com/ajax/4.6/1/MicrosoftAjaxWebForms.js:5:13771)
    at https://ajax.aspnetcdn.com/ajax/4.6/1/MicrosoftAjax.js:5:307
    at eval (eval at evaluate (:302:30), <anonymous>:3:51)
    at UtilityScript.evaluate (<anonymous>:304:16)
    at UtilityScript.<anonymous> (<anonymous>:1:44)
  [Step 3 → 4] force-visible + click #MainContent_Nextbutton_3...
  [Step 3 → 4] advanced (strategy 4).
STEP 4: Filling project details...
  [Step 4 → 5] clicking #MainContent_Nextbutton_4 (visible)...
  [Step 4 → 5] advanced (strategy 1).

====================================================
ALL FIELDS FILLED. Now on Review (Step 5).
Please do the following manually:
  1. Scroll through the review page — verify every field
  2. Use the Edit buttons to fix anything that looks wrong
  3. Click "Submit This Complaint" when ready
  4. On the final page, enter your email (rjain@technijian.com)
     and click "Email PDF" to get the signable copy
====================================================
Browser stays open for 30 minutes.
